This is pdfTeX, Version 3.141592653-2.6-1.40.26 (TeX Live 2024) (preloaded format=pdflatex 2025.1.30)  23 APR 2025 16:16
entering extended mode
 restricted \write18 enabled.
 %&-line parsing enabled.
**Implementation.tex
(./Implementation.tex
LaTeX2e <2023-11-01> patch level 1
L3 programming layer <2024-02-20>

(/usr/local/texlive/2024/texmf-dist/tex/latex/base/article.cls
Document Class: article 2023/05/17 v1.4n Standard LaTeX document class
(/usr/local/texlive/2024/texmf-dist/tex/latex/base/size10.clo
File: size10.clo 2023/05/17 v1.4n Standard LaTeX file (size option)
)
\c@part=\count188
\c@section=\count189
\c@subsection=\count190
\c@subsubsection=\count191
\c@paragraph=\count192
\c@subparagraph=\count193
\c@figure=\count194
\c@table=\count195
\abovecaptionskip=\skip48
\belowcaptionskip=\skip49
\bibindent=\dimen140
) (/usr/local/texlive/2024/texmf-dist/tex/latex/graphics/color.sty
Package: color 2022/01/06 v1.3d Standard LaTeX Color (DPC)
(/usr/local/texlive/2024/texmf-dist/tex/latex/graphics-cfg/color.cfg
File: color.cfg 2016/01/02 v1.6 sample color configuration
)
Package color Info: Driver file: pdftex.def on input line 149.
(/usr/local/texlive/2024/texmf-dist/tex/latex/graphics-def/pdftex.def
File: pdftex.def 2022/09/22 v1.2b Graphics/color driver for pdftex
) (/usr/local/texlive/2024/texmf-dist/tex/latex/graphics/mathcolor.ltx)) (/usr/
local/texlive/2024/texmf-dist/tex/latex/base/latexsym.sty
Package: latexsym 1998/08/17 v2.2e Standard LaTeX package (lasy symbols)
\symlasy=\mathgroup4
LaTeX Font Info:    Overwriting symbol font `lasy' in version `bold'
(Font)                  U/lasy/m/n --> U/lasy/b/n on input line 52.
) (/usr/local/texlive/2024/texmf-dist/tex/latex/base/ifthen.sty
Package: ifthen 2022/04/13 v1.1d Standard LaTeX ifthen package (DPC)
)
\symlength=\skip50
\equalswidth=\skip51
\charwidth=\skip52
\boxrulewd=\skip53
\boxlineht=\skip54
\boxruleht=\skip55
\boxruledp=\skip56
\pcalvspace=\skip57
\lcomindent=\skip58
\@xlen=\skip59
\templena=\skip60
\templenb=\skip61
\tempboxa=\box51
\vshadelen=\skip62
\boxwidth=\skip63
\multicommentdepth=\skip64
\c@pardepth=\count196
\tempsbox=\box52
\@cparht=\skip65
\@cpardp=\skip66
\xmcomlen=\skip67
\spacewidth=\skip68
\alignboxwidth=\skip69
\alignwidth=\skip70
\alignbox=\box53
\symtlaitalics=\mathgroup5
\c@tlx@ctr=\count197
(/usr/local/texlive/2024/texmf-dist/tex/latex/tools/verbatim.sty
Package: verbatim 2023-11-06 v1.5v LaTeX2e package for verbatim enhancements
\every@verbatim=\toks17
\verbatim@line=\toks18
\verbatim@in@stream=\read2
) (/usr/local/texlive/2024/texmf-dist/tex/latex/l3backend/l3backend-pdftex.def
File: l3backend-pdftex.def 2024-02-20 L3 backend support: PDF output (pdfTeX)
\l__color_backend_stack_int=\count198
\l__pdf_internal_box=\box54
) (./Implementation.aux)
\openout1 = `Implementation.aux'.

LaTeX Font Info:    Checking defaults for OML/cmm/m/it on input line 939.
LaTeX Font Info:    ... okay on input line 939.
LaTeX Font Info:    Checking defaults for OMS/cmsy/m/n on input line 939.
LaTeX Font Info:    ... okay on input line 939.
LaTeX Font Info:    Checking defaults for OT1/cmr/m/n on input line 939.
LaTeX Font Info:    ... okay on input line 939.
LaTeX Font Info:    Checking defaults for T1/cmr/m/n on input line 939.
LaTeX Font Info:    ... okay on input line 939.
LaTeX Font Info:    Checking defaults for TS1/cmr/m/n on input line 939.
LaTeX Font Info:    ... okay on input line 939.
LaTeX Font Info:    Checking defaults for OMX/cmex/m/n on input line 939.
LaTeX Font Info:    ... okay on input line 939.
LaTeX Font Info:    Checking defaults for U/cmr/m/n on input line 939.
LaTeX Font Info:    ... okay on input line 939.
(/usr/local/texlive/2024/texmf-dist/tex/context/base/mkii/supp-pdf.mkii
[Loading MPS to PDF converter (version 2006.09.02).]
\scratchcounter=\count199
\scratchdimen=\dimen141
\scratchbox=\box55
\nofMPsegments=\count266
\nofMParguments=\count267
\everyMPshowfont=\toks19
\MPscratchCnt=\count268
\MPscratchDim=\dimen142
\MPnumerator=\count269
\makeMPintoPDFobject=\count270
\everyMPtoPDFconversion=\toks20
)
LaTeX Font Info:    External font `cmex10' loaded for size
(Font)              <7> on input line 942.
LaTeX Font Info:    External font `cmex10' loaded for size
(Font)              <5> on input line 942.
LaTeX Font Info:    Trying to load font information for U+lasy on input line 94
2.
(/usr/local/texlive/2024/texmf-dist/tex/latex/base/ulasy.fd
File: ulasy.fd 1998/08/17 v2.2e LaTeX symbol font definitions
)
LaTeX Font Info:    External font `cmex10' loaded for size
(Font)              <8> on input line 958.
LaTeX Font Info:    External font `cmex10' loaded for size
(Font)              <6> on input line 958.

Overfull \hbox (5.75351pt too wide) in paragraph at lines 1133--1136
[][] 
 []


Overfull \hbox (102.0039pt too wide) in paragraph at lines 1136--1139
[][] 
 []

[1

{/usr/local/texlive/2024/texmf-var/fonts/map/pdftex/updmap/pdftex.map}]
Overfull \hbox (102.0039pt too wide) in paragraph at lines 1139--1142
[][] 
 []


Overfull \hbox (102.0039pt too wide) in paragraph at lines 1142--1145
[][] 
 []


Overfull \hbox (100.89288pt too wide) in paragraph at lines 1145--1148
[][] 
 []


Overfull \hbox (38.9287pt too wide) in paragraph at lines 1210--1211
[][] 
 []


Overfull \hbox (25.70387pt too wide) in paragraph at lines 1243--1246
[][] 
 []


Overfull \hbox (37.59306pt too wide) in paragraph at lines 1246--1249
[][] 
 []


Overfull \hbox (37.59306pt too wide) in paragraph at lines 1249--1252
[][] 
 []


Overfull \hbox (37.59306pt too wide) in paragraph at lines 1252--1255
[][] 
 []

[2]
Overfull \hbox (37.59306pt too wide) in paragraph at lines 1255--1258
[][] 
 []


Overfull \hbox (24.24553pt too wide) in paragraph at lines 1258--1261
[][] 
 []


Overfull \hbox (36.13472pt too wide) in paragraph at lines 1261--1264
[][] 
 []


Overfull \hbox (36.13472pt too wide) in paragraph at lines 1264--1267
[][] 
 []


Overfull \hbox (36.13472pt too wide) in paragraph at lines 1267--1270
[][] 
 []


Overfull \hbox (36.12473pt too wide) in paragraph at lines 1270--1272
[][] 
 []


Overfull \hbox (28.38135pt too wide) in paragraph at lines 1275--1277
[][] 
 []


Overfull \hbox (44.08672pt too wide) in paragraph at lines 1277--1279
[][] 
 []


Overfull \hbox (124.18431pt too wide) in paragraph at lines 1279--1281
[][] 
 []


Overfull \hbox (14.17064pt too wide) in paragraph at lines 1281--1283
[][] 
 []


Overfull \hbox (26.0664pt too wide) in paragraph at lines 1283--1285
[][] 
 []


Overfull \hbox (125.84619pt too wide) in paragraph at lines 1296--1300
[][] 
 []


Overfull \hbox (137.74036pt too wide) in paragraph at lines 1300--1304
[][] 
 []


Overfull \hbox (137.74036pt too wide) in paragraph at lines 1304--1308
[][] 
 []


Overfull \hbox (137.74036pt too wide) in paragraph at lines 1308--1312
[][] 
 []


Overfull \hbox (137.74036pt too wide) in paragraph at lines 1312--1315
[][] 
 []


Overfull \hbox (38.49399pt too wide) in paragraph at lines 1346--1349
[][] 
 []


Overfull \hbox (50.37306pt too wide) in paragraph at lines 1349--1352
[][] 
 []


Overfull \hbox (50.37306pt too wide) in paragraph at lines 1352--1355
[][] 
 []


Overfull \hbox (50.37306pt too wide) in paragraph at lines 1355--1358
[][] 
 []


Overfull \hbox (50.36307pt too wide) in paragraph at lines 1358--1360
[][] 
 []


Overfull \hbox (37.03564pt too wide) in paragraph at lines 1363--1366
[][] 
 []


Overfull \hbox (48.91472pt too wide) in paragraph at lines 1366--1369
[][] 
 []


Overfull \hbox (48.91472pt too wide) in paragraph at lines 1369--1372
[][] 
 []


Overfull \hbox (48.91472pt too wide) in paragraph at lines 1372--1375
[][] 
 []


Overfull \hbox (48.90472pt too wide) in paragraph at lines 1375--1377
[][] 
 []


Overfull \hbox (17.74135pt too wide) in paragraph at lines 1380--1382
[][] 
 []

[3]
Overfull \hbox (33.45671pt too wide) in paragraph at lines 1382--1384
[][] 
 []


Overfull \hbox (143.98604pt too wide) in paragraph at lines 1384--1386
[][] 
 []


Overfull \hbox (3.54063pt too wide) in paragraph at lines 1386--1388
[][] 
 []


Overfull \hbox (15.4364pt too wide) in paragraph at lines 1388--1390
[][] 
 []


Overfull \hbox (45.85312pt too wide) in paragraph at lines 1398--1402
[][] 
 []


Overfull \hbox (180.03067pt too wide) in paragraph at lines 1402--1404
[][] 
 []


Overfull \hbox (2.13792pt too wide) in paragraph at lines 1422--1423
[][] 
 []


Overfull \hbox (93.33983pt too wide) in paragraph at lines 1456--1458
[][] 
 []


Overfull \hbox (98.35672pt too wide) in paragraph at lines 1458--1460
[][] 
 []


Overfull \hbox (171.85594pt too wide) in paragraph at lines 1460--1462
[][] 
 []


Overfull \hbox (168.4102pt too wide) in paragraph at lines 1462--1464
[][] 
 []


Overfull \hbox (180.30597pt too wide) in paragraph at lines 1464--1467
[][] 
 []

[4]
Overfull \hbox (4.83095pt too wide) in paragraph at lines 1518--1519
[][] 
 []


Overfull \hbox (11.06195pt too wide) in paragraph at lines 1530--1532
[][] 
 []


Overfull \hbox (22.66672pt too wide) in paragraph at lines 1532--1534
[][] 
 []


Overfull \hbox (96.44925pt too wide) in paragraph at lines 1534--1536
[][] 
 []


Overfull \hbox (11.34526pt too wide) in paragraph at lines 1540--1542
[][] 
 []


Overfull \hbox (22.66672pt too wide) in paragraph at lines 1542--1544
[][] 
 []


Overfull \hbox (4.64641pt too wide) in paragraph at lines 1548--1551
[][] 
 []


Overfull \hbox (50.56715pt too wide) in paragraph at lines 1556--1557
[][] 
 []


Overfull \hbox (117.25993pt too wide) in paragraph at lines 1584--1588
[][] 
 []


Overfull \hbox (219.96028pt too wide) in paragraph at lines 1588--1591
[][] 
 []


Overfull \hbox (193.87978pt too wide) in paragraph at lines 1591--1594
[][] 
 []


Overfull \hbox (262.31969pt too wide) in paragraph at lines 1594--1596
[][] 
 []

[5]
Overfull \hbox (228.57729pt too wide) in paragraph at lines 1596--1598
[][] 
 []


Overfull \hbox (256.17235pt too wide) in paragraph at lines 1598--1600
[][] 
 []


Overfull \hbox (94.28064pt too wide) in paragraph at lines 1600--1602
[][] 
 []


Overfull \hbox (106.1764pt too wide) in paragraph at lines 1602--1604
[][] 
 []


Overfull \hbox (118.84842pt too wide) in paragraph at lines 1611--1615
[][] 
 []


Overfull \hbox (222.65324pt too wide) in paragraph at lines 1615--1618
[][] 
 []


Overfull \hbox (197.21977pt too wide) in paragraph at lines 1618--1621
[][] 
 []


Overfull \hbox (265.20224pt too wide) in paragraph at lines 1621--1623
[][] 
 []


Overfull \hbox (232.37473pt too wide) in paragraph at lines 1623--1625
[][] 
 []


Overfull \hbox (259.51234pt too wide) in paragraph at lines 1625--1627
[][] 
 []


Overfull \hbox (97.62064pt too wide) in paragraph at lines 1627--1629
[][] 
 []


Overfull \hbox (109.5164pt too wide) in paragraph at lines 1629--1631
[][] 
 []


Overfull \hbox (177.24721pt too wide) in paragraph at lines 1643--1651
[][][][] 
 []


Overfull \hbox (268.23131pt too wide) in paragraph at lines 1651--1654
[][] 
 []


Overfull \hbox (242.14977pt too wide) in paragraph at lines 1654--1657
[][] 
 []


Overfull \hbox (310.13225pt too wide) in paragraph at lines 1657--1659
[][] 
 []


Overfull \hbox (277.30473pt too wide) in paragraph at lines 1659--1661
[][] 
 []


Overfull \hbox (304.44235pt too wide) in paragraph at lines 1661--1663
[][] 
 []


Overfull \hbox (142.55064pt too wide) in paragraph at lines 1663--1665
[][] 
 []


Overfull \hbox (154.44641pt too wide) in paragraph at lines 1665--1669
[][] 
 []


Overfull \hbox (268.24039pt too wide) in paragraph at lines 1669--1671
[][] 
 []


Overfull \hbox (175.4957pt too wide) in paragraph at lines 1678--1686
[][][][] 
 []


Overfull \hbox (267.58427pt too wide) in paragraph at lines 1686--1689
[][] 
 []


Overfull \hbox (242.14977pt too wide) in paragraph at lines 1689--1692
[][] 
 []


Overfull \hbox (310.13225pt too wide) in paragraph at lines 1692--1694
[][] 
 []


Overfull \hbox (277.30473pt too wide) in paragraph at lines 1694--1696
[][] 
 []


Overfull \hbox (304.44235pt too wide) in paragraph at lines 1696--1698
[][] 
 []


Overfull \hbox (142.55064pt too wide) in paragraph at lines 1698--1700
[][] 
 []


Overfull \hbox (154.44641pt too wide) in paragraph at lines 1700--1702
[][] 
 []

[6]
Overfull \hbox (4.83095pt too wide) in paragraph at lines 1723--1724
[][] 
 []


Overfull \hbox (4.83095pt too wide) in paragraph at lines 1733--1734
[][] 
 []


Overfull \hbox (55.28593pt too wide) in paragraph at lines 1745--1747
[][] 
 []


Overfull \hbox (51.8402pt too wide) in paragraph at lines 1747--1749
[][] 
 []


Overfull \hbox (63.73596pt too wide) in paragraph at lines 1749--1752
[][] 
 []


Overfull \hbox (91.49144pt too wide) in paragraph at lines 1764--1766
[][] 
 []


Overfull \hbox (91.49806pt too wide) in paragraph at lines 1766--1768
[][] 
 []


Overfull \hbox (94.94594pt too wide) in paragraph at lines 1768--1770
[][] 
 []


Overfull \hbox (104.82672pt too wide) in paragraph at lines 1770--1772
[][] 
 []


Overfull \hbox (167.3832pt too wide) in paragraph at lines 1772--1774
[][] 
 []


Overfull \hbox (162.67004pt too wide) in paragraph at lines 1774--1776
[][] 
 []


Overfull \hbox (85.0764pt too wide) in paragraph at lines 1776--1779
[][] 
 []


Overfull \hbox (18.53441pt too wide) in paragraph at lines 1779--1781
[][] 
 []


Overfull \hbox (21.29144pt too wide) in paragraph at lines 1790--1792
[][] 
 []


Overfull \hbox (21.29807pt too wide) in paragraph at lines 1792--1794
[][] 
 []


Overfull \hbox (24.74594pt too wide) in paragraph at lines 1794--1796
[][] 
 []


Overfull \hbox (34.62672pt too wide) in paragraph at lines 1796--1798
[][] 
 []


Overfull \hbox (98.36377pt too wide) in paragraph at lines 1798--1801
[][] 
 []


Overfull \hbox (110.87227pt too wide) in paragraph at lines 1801--1803
[][] 
 []


Overfull \hbox (14.8764pt too wide) in paragraph at lines 1803--1806
[][] 
 []


Overfull \hbox (6.27895pt too wide) in paragraph at lines 1806--1807
[][] 
 []

[7] [8] (./Implementation.aux)
 ***********
LaTeX2e <2023-11-01> patch level 1
L3 programming layer <2024-02-20>
 ***********
 ) 
Here is how much of TeX's memory you used:
 1392 strings out of 474116
 21024 string characters out of 5743682
 1966187 words of memory out of 5000000
 23784 multiletter control sequences out of 15000+600000
 563540 words of font info for 57 fonts, out of 8000000 for 9000
 1141 hyphenation exceptions out of 8191
 42i,16n,50p,228b,249s stack positions out of 10000i,1000n,20000p,200000b,200000s
</usr/local/texlive/2024/texmf-dist/fonts/type1/public/amsfonts/cm/cmcsc10.pf
b></usr/local/texlive/2024/texmf-dist/fonts/type1/public/amsfonts/cm/cmmi10.pfb
></usr/local/texlive/2024/texmf-dist/fonts/type1/public/amsfonts/cm/cmmi8.pfb><
/usr/local/texlive/2024/texmf-dist/fonts/type1/public/amsfonts/cm/cmr10.pfb></u
sr/local/texlive/2024/texmf-dist/fonts/type1/public/amsfonts/cm/cmr5.pfb></usr/
local/texlive/2024/texmf-dist/fonts/type1/public/amsfonts/cm/cmr7.pfb></usr/loc
al/texlive/2024/texmf-dist/fonts/type1/public/amsfonts/cm/cmr8.pfb></usr/local/
texlive/2024/texmf-dist/fonts/type1/public/amsfonts/cm/cmr9.pfb></usr/local/tex
live/2024/texmf-dist/fonts/type1/public/amsfonts/cm/cmss10.pfb></usr/local/texl
ive/2024/texmf-dist/fonts/type1/public/amsfonts/cm/cmsy10.pfb></usr/local/texli
ve/2024/texmf-dist/fonts/type1/public/amsfonts/cm/cmsy7.pfb></usr/local/texlive
/2024/texmf-dist/fonts/type1/public/amsfonts/cm/cmsy8.pfb></usr/local/texlive/2
024/texmf-dist/fonts/type1/public/amsfonts/cm/cmti10.pfb></usr/local/texlive/20
24/texmf-dist/fonts/type1/public/amsfonts/cm/cmti7.pfb></usr/local/texlive/2024
/texmf-dist/fonts/type1/public/amsfonts/cm/cmti8.pfb></usr/local/texlive/2024/t
exmf-dist/fonts/type1/public/amsfonts/latxfont/lasy10.pfb>
Output written on Implementation.pdf (8 pages, 192554 bytes).
PDF statistics:
 111 PDF objects out of 1000 (max. 8388607)
 68 compressed objects within 1 object stream
 0 named destinations out of 1000 (max. 500000)
 1 words of extra memory for PDF output out of 10000 (max. 10000000)

