This is pdfTeX, Version 3.141592653-2.6-1.40.26 (TeX Live 2024) (preloaded format=pdflatex 2025.1.30)  23 APR 2025 02:40
entering extended mode
 restricted \write18 enabled.
 %&-line parsing enabled.
**Inv.tex
(./Inv.tex
LaTeX2e <2023-11-01> patch level 1
L3 programming layer <2024-02-20>

(/usr/local/texlive/2024/texmf-dist/tex/latex/base/article.cls
Document Class: article 2023/05/17 v1.4n Standard LaTeX document class
(/usr/local/texlive/2024/texmf-dist/tex/latex/base/size10.clo
File: size10.clo 2023/05/17 v1.4n Standard LaTeX file (size option)
)
\c@part=\count188
\c@section=\count189
\c@subsection=\count190
\c@subsubsection=\count191
\c@paragraph=\count192
\c@subparagraph=\count193
\c@figure=\count194
\c@table=\count195
\abovecaptionskip=\skip48
\belowcaptionskip=\skip49
\bibindent=\dimen140
) (/usr/local/texlive/2024/texmf-dist/tex/latex/graphics/color.sty
Package: color 2022/01/06 v1.3d Standard LaTeX Color (DPC)
(/usr/local/texlive/2024/texmf-dist/tex/latex/graphics-cfg/color.cfg
File: color.cfg 2016/01/02 v1.6 sample color configuration
)
Package color Info: Driver file: pdftex.def on input line 149.
(/usr/local/texlive/2024/texmf-dist/tex/latex/graphics-def/pdftex.def
File: pdftex.def 2022/09/22 v1.2b Graphics/color driver for pdftex
) (/usr/local/texlive/2024/texmf-dist/tex/latex/graphics/mathcolor.ltx)) (/usr/
local/texlive/2024/texmf-dist/tex/latex/base/latexsym.sty
Package: latexsym 1998/08/17 v2.2e Standard LaTeX package (lasy symbols)
\symlasy=\mathgroup4
LaTeX Font Info:    Overwriting symbol font `lasy' in version `bold'
(Font)                  U/lasy/m/n --> U/lasy/b/n on input line 52.
) (/usr/local/texlive/2024/texmf-dist/tex/latex/base/ifthen.sty
Package: ifthen 2022/04/13 v1.1d Standard LaTeX ifthen package (DPC)
)
\symlength=\skip50
\equalswidth=\skip51
\charwidth=\skip52
\boxrulewd=\skip53
\boxlineht=\skip54
\boxruleht=\skip55
\boxruledp=\skip56
\pcalvspace=\skip57
\lcomindent=\skip58
\@xlen=\skip59
\templena=\skip60
\templenb=\skip61
\tempboxa=\box51
\vshadelen=\skip62
\boxwidth=\skip63
\multicommentdepth=\skip64
\c@pardepth=\count196
\tempsbox=\box52
\@cparht=\skip65
\@cpardp=\skip66
\xmcomlen=\skip67
\spacewidth=\skip68
\alignboxwidth=\skip69
\alignwidth=\skip70
\alignbox=\box53
\symtlaitalics=\mathgroup5
\c@tlx@ctr=\count197
(/usr/local/texlive/2024/texmf-dist/tex/latex/tools/verbatim.sty
Package: verbatim 2023-11-06 v1.5v LaTeX2e package for verbatim enhancements
\every@verbatim=\toks17
\verbatim@line=\toks18
\verbatim@in@stream=\read2
) (/usr/local/texlive/2024/texmf-dist/tex/latex/l3backend/l3backend-pdftex.def
File: l3backend-pdftex.def 2024-02-20 L3 backend support: PDF output (pdfTeX)
\l__color_backend_stack_int=\count198
\l__pdf_internal_box=\box54
) (./Inv.aux)
\openout1 = `Inv.aux'.

LaTeX Font Info:    Checking defaults for OML/cmm/m/it on input line 939.
LaTeX Font Info:    ... okay on input line 939.
LaTeX Font Info:    Checking defaults for OMS/cmsy/m/n on input line 939.
LaTeX Font Info:    ... okay on input line 939.
LaTeX Font Info:    Checking defaults for OT1/cmr/m/n on input line 939.
LaTeX Font Info:    ... okay on input line 939.
LaTeX Font Info:    Checking defaults for T1/cmr/m/n on input line 939.
LaTeX Font Info:    ... okay on input line 939.
LaTeX Font Info:    Checking defaults for TS1/cmr/m/n on input line 939.
LaTeX Font Info:    ... okay on input line 939.
LaTeX Font Info:    Checking defaults for OMX/cmex/m/n on input line 939.
LaTeX Font Info:    ... okay on input line 939.
LaTeX Font Info:    Checking defaults for U/cmr/m/n on input line 939.
LaTeX Font Info:    ... okay on input line 939.
(/usr/local/texlive/2024/texmf-dist/tex/context/base/mkii/supp-pdf.mkii
[Loading MPS to PDF converter (version 2006.09.02).]
\scratchcounter=\count199
\scratchdimen=\dimen141
\scratchbox=\box55
\nofMPsegments=\count266
\nofMParguments=\count267
\everyMPshowfont=\toks19
\MPscratchCnt=\count268
\MPscratchDim=\dimen142
\MPnumerator=\count269
\makeMPintoPDFobject=\count270
\everyMPtoPDFconversion=\toks20
)
LaTeX Font Info:    External font `cmex10' loaded for size
(Font)              <7> on input line 942.
LaTeX Font Info:    External font `cmex10' loaded for size
(Font)              <5> on input line 942.
LaTeX Font Info:    Trying to load font information for U+lasy on input line 94
2.
(/usr/local/texlive/2024/texmf-dist/tex/latex/base/ulasy.fd
File: ulasy.fd 1998/08/17 v2.2e LaTeX symbol font definitions
)
Overfull \hbox (130.31876pt too wide) in paragraph at lines 953--955
[][] 
 []


Overfull \hbox (47.79434pt too wide) in paragraph at lines 955--956
[][] 
 []


Overfull \hbox (38.42583pt too wide) in paragraph at lines 960--961
[][] 
 []


Overfull \hbox (9.91516pt too wide) in paragraph at lines 990--993
[][] 
 []

[1

{/usr/local/texlive/2024/texmf-var/fonts/map/pdftex/updmap/pdftex.map}]
Overfull \hbox (18.62129pt too wide) in paragraph at lines 1078--1080
[][] 
 []


Overfull \hbox (16.90562pt too wide) in paragraph at lines 1080--1082
[][] 
 []


Overfull \hbox (20.3535pt too wide) in paragraph at lines 1082--1084
[][] 
 []


Overfull \hbox (23.88577pt too wide) in paragraph at lines 1087--1089
[][] 
 []


Overfull \hbox (14.6786pt too wide) in paragraph at lines 1089--1091
[][] 
 []


Overfull \hbox (38.66922pt too wide) in paragraph at lines 1091--1093
[][] 
 []


Overfull \hbox (74.10864pt too wide) in paragraph at lines 1093--1096
[][] 
 []


Overfull \hbox (23.89084pt too wide) in paragraph at lines 1096--1098
[][] 
 []


Overfull \hbox (15.85918pt too wide) in paragraph at lines 1098--1100
[][] 
 []


Overfull \hbox (87.1286pt too wide) in paragraph at lines 1100--1102
[][] 
 []


Overfull \hbox (72.4647pt too wide) in paragraph at lines 1102--1105
[][] 
 []


Overfull \hbox (23.89084pt too wide) in paragraph at lines 1105--1107
[][] 
 []


Overfull \hbox (15.85918pt too wide) in paragraph at lines 1107--1109
[][] 
 []


Overfull \hbox (87.1286pt too wide) in paragraph at lines 1109--1111
[][] 
 []


Overfull \hbox (22.33609pt too wide) in paragraph at lines 1111--1113
[][] 
 []


Overfull \hbox (72.00726pt too wide) in paragraph at lines 1113--1116
[][] 
 []


Overfull \hbox (63.47673pt too wide) in paragraph at lines 1116--1118
[][] 
 []


Overfull \hbox (15.85918pt too wide) in paragraph at lines 1118--1120
[][] 
 []


Overfull \hbox (87.1286pt too wide) in paragraph at lines 1120--1122
[][] 
 []


Overfull \hbox (22.33609pt too wide) in paragraph at lines 1122--1124
[][] 
 []


Overfull \hbox (72.4647pt too wide) in paragraph at lines 1124--1127
[][] 
 []


Overfull \hbox (63.47673pt too wide) in paragraph at lines 1127--1129
[][] 
 []


Overfull \hbox (15.85918pt too wide) in paragraph at lines 1129--1131
[][] 
 []


Overfull \hbox (87.1286pt too wide) in paragraph at lines 1131--1133
[][] 
 []


Overfull \hbox (22.33609pt too wide) in paragraph at lines 1133--1135
[][] 
 []


Overfull \hbox (72.00726pt too wide) in paragraph at lines 1135--1137
[][] 
 []

[2]
Overfull \hbox (23.88577pt too wide) in paragraph at lines 1140--1142
[][] 
 []


Overfull \hbox (14.6786pt too wide) in paragraph at lines 1142--1144
[][] 
 []


Overfull \hbox (38.66922pt too wide) in paragraph at lines 1144--1146
[][] 
 []


Overfull \hbox (74.10864pt too wide) in paragraph at lines 1146--1148
[][] 
 []


Overfull \hbox (21.12218pt too wide) in paragraph at lines 1148--1151
[][] 
 []


Overfull \hbox (23.89084pt too wide) in paragraph at lines 1151--1153
[][] 
 []


Overfull \hbox (15.85918pt too wide) in paragraph at lines 1153--1155
[][] 
 []


Overfull \hbox (87.1286pt too wide) in paragraph at lines 1155--1157
[][] 
 []


Overfull \hbox (72.4647pt too wide) in paragraph at lines 1157--1159
[][] 
 []


Overfull \hbox (21.12218pt too wide) in paragraph at lines 1159--1162
[][] 
 []


Overfull \hbox (23.89084pt too wide) in paragraph at lines 1162--1164
[][] 
 []


Overfull \hbox (15.85918pt too wide) in paragraph at lines 1164--1166
[][] 
 []


Overfull \hbox (87.1286pt too wide) in paragraph at lines 1166--1168
[][] 
 []


Overfull \hbox (22.33609pt too wide) in paragraph at lines 1168--1170
[][] 
 []


Overfull \hbox (72.00726pt too wide) in paragraph at lines 1170--1172
[][] 
 []


Overfull \hbox (21.12218pt too wide) in paragraph at lines 1172--1175
[][] 
 []


Overfull \hbox (63.47673pt too wide) in paragraph at lines 1175--1177
[][] 
 []


Overfull \hbox (15.85918pt too wide) in paragraph at lines 1177--1179
[][] 
 []


Overfull \hbox (87.1286pt too wide) in paragraph at lines 1179--1181
[][] 
 []


Overfull \hbox (22.33609pt too wide) in paragraph at lines 1181--1183
[][] 
 []


Overfull \hbox (72.4647pt too wide) in paragraph at lines 1183--1185
[][] 
 []


Overfull \hbox (21.12218pt too wide) in paragraph at lines 1185--1188
[][] 
 []


Overfull \hbox (63.47673pt too wide) in paragraph at lines 1188--1190
[][] 
 []


Overfull \hbox (15.85918pt too wide) in paragraph at lines 1190--1192
[][] 
 []


Overfull \hbox (87.1286pt too wide) in paragraph at lines 1192--1194
[][] 
 []


Overfull \hbox (22.33609pt too wide) in paragraph at lines 1194--1196
[][] 
 []


Overfull \hbox (72.00726pt too wide) in paragraph at lines 1196--1198
[][] 
 []


Overfull \hbox (21.12218pt too wide) in paragraph at lines 1198--1199
[][] 
 []


Overfull \hbox (23.88577pt too wide) in paragraph at lines 1204--1206
[][] 
 []


Overfull \hbox (14.6786pt too wide) in paragraph at lines 1206--1208
[][] 
 []


Overfull \hbox (38.66922pt too wide) in paragraph at lines 1208--1210
[][] 
 []


Overfull \hbox (74.10864pt too wide) in paragraph at lines 1210--1212
[][] 
 []


Overfull \hbox (21.12218pt too wide) in paragraph at lines 1212--1215
[][] 
 []


Overfull \hbox (23.89084pt too wide) in paragraph at lines 1215--1217
[][] 
 []


Overfull \hbox (15.85918pt too wide) in paragraph at lines 1217--1219
[][] 
 []


Overfull \hbox (87.1286pt too wide) in paragraph at lines 1219--1221
[][] 
 []


Overfull \hbox (72.4647pt too wide) in paragraph at lines 1221--1223
[][] 
 []


Overfull \hbox (21.12218pt too wide) in paragraph at lines 1223--1226
[][] 
 []


Overfull \hbox (23.89084pt too wide) in paragraph at lines 1226--1228
[][] 
 []


Overfull \hbox (15.85918pt too wide) in paragraph at lines 1228--1230
[][] 
 []


Overfull \hbox (87.1286pt too wide) in paragraph at lines 1230--1232
[][] 
 []

[3]
Overfull \hbox (22.33609pt too wide) in paragraph at lines 1232--1234
[][] 
 []


Overfull \hbox (72.00726pt too wide) in paragraph at lines 1234--1236
[][] 
 []


Overfull \hbox (21.12218pt too wide) in paragraph at lines 1236--1239
[][] 
 []


Overfull \hbox (63.47673pt too wide) in paragraph at lines 1239--1241
[][] 
 []


Overfull \hbox (15.85918pt too wide) in paragraph at lines 1241--1243
[][] 
 []


Overfull \hbox (87.1286pt too wide) in paragraph at lines 1243--1245
[][] 
 []


Overfull \hbox (22.33609pt too wide) in paragraph at lines 1245--1247
[][] 
 []


Overfull \hbox (72.4647pt too wide) in paragraph at lines 1247--1249
[][] 
 []


Overfull \hbox (21.12218pt too wide) in paragraph at lines 1249--1252
[][] 
 []


Overfull \hbox (63.47673pt too wide) in paragraph at lines 1252--1254
[][] 
 []


Overfull \hbox (15.85918pt too wide) in paragraph at lines 1254--1256
[][] 
 []


Overfull \hbox (87.1286pt too wide) in paragraph at lines 1256--1258
[][] 
 []


Overfull \hbox (22.33609pt too wide) in paragraph at lines 1258--1260
[][] 
 []


Overfull \hbox (72.00726pt too wide) in paragraph at lines 1260--1262
[][] 
 []


Overfull \hbox (21.12218pt too wide) in paragraph at lines 1262--1263
[][] 
 []


Overfull \hbox (23.88577pt too wide) in paragraph at lines 1268--1270
[][] 
 []


Overfull \hbox (14.6786pt too wide) in paragraph at lines 1270--1272
[][] 
 []


Overfull \hbox (38.66922pt too wide) in paragraph at lines 1272--1274
[][] 
 []


Overfull \hbox (74.10864pt too wide) in paragraph at lines 1274--1276
[][] 
 []


Overfull \hbox (21.12218pt too wide) in paragraph at lines 1276--1279
[][] 
 []


Overfull \hbox (23.89084pt too wide) in paragraph at lines 1279--1281
[][] 
 []


Overfull \hbox (15.85918pt too wide) in paragraph at lines 1281--1283
[][] 
 []


Overfull \hbox (87.1286pt too wide) in paragraph at lines 1283--1285
[][] 
 []


Overfull \hbox (72.4647pt too wide) in paragraph at lines 1285--1287
[][] 
 []


Overfull \hbox (21.12218pt too wide) in paragraph at lines 1287--1290
[][] 
 []


Overfull \hbox (23.89084pt too wide) in paragraph at lines 1290--1292
[][] 
 []


Overfull \hbox (15.85918pt too wide) in paragraph at lines 1292--1294
[][] 
 []


Overfull \hbox (87.1286pt too wide) in paragraph at lines 1294--1296
[][] 
 []


Overfull \hbox (22.33609pt too wide) in paragraph at lines 1296--1298
[][] 
 []


Overfull \hbox (72.00726pt too wide) in paragraph at lines 1298--1300
[][] 
 []


Overfull \hbox (21.12218pt too wide) in paragraph at lines 1300--1303
[][] 
 []


Overfull \hbox (63.47673pt too wide) in paragraph at lines 1303--1305
[][] 
 []


Overfull \hbox (15.85918pt too wide) in paragraph at lines 1305--1307
[][] 
 []


Overfull \hbox (87.1286pt too wide) in paragraph at lines 1307--1309
[][] 
 []


Overfull \hbox (22.33609pt too wide) in paragraph at lines 1309--1311
[][] 
 []


Overfull \hbox (72.4647pt too wide) in paragraph at lines 1311--1313
[][] 
 []


Overfull \hbox (21.12218pt too wide) in paragraph at lines 1313--1316
[][] 
 []


Overfull \hbox (63.47673pt too wide) in paragraph at lines 1316--1318
[][] 
 []


Overfull \hbox (15.85918pt too wide) in paragraph at lines 1318--1320
[][] 
 []


Overfull \hbox (87.1286pt too wide) in paragraph at lines 1320--1322
[][] 
 []


Overfull \hbox (22.33609pt too wide) in paragraph at lines 1322--1324
[][] 
 []


Overfull \hbox (72.00726pt too wide) in paragraph at lines 1324--1326
[][] 
 []


Overfull \hbox (21.12218pt too wide) in paragraph at lines 1326--1327
[][] 
 []

[4]
Overfull \hbox (23.88577pt too wide) in paragraph at lines 1332--1334
[][] 
 []


Overfull \hbox (14.6786pt too wide) in paragraph at lines 1334--1336
[][] 
 []


Overfull \hbox (38.66922pt too wide) in paragraph at lines 1336--1338
[][] 
 []


Overfull \hbox (74.10864pt too wide) in paragraph at lines 1338--1340
[][] 
 []


Overfull \hbox (21.12218pt too wide) in paragraph at lines 1340--1343
[][] 
 []


Overfull \hbox (23.89084pt too wide) in paragraph at lines 1343--1345
[][] 
 []


Overfull \hbox (15.85918pt too wide) in paragraph at lines 1345--1347
[][] 
 []


Overfull \hbox (87.1286pt too wide) in paragraph at lines 1347--1349
[][] 
 []


Overfull \hbox (72.4647pt too wide) in paragraph at lines 1349--1351
[][] 
 []


Overfull \hbox (21.12218pt too wide) in paragraph at lines 1351--1354
[][] 
 []


Overfull \hbox (23.89084pt too wide) in paragraph at lines 1354--1356
[][] 
 []


Overfull \hbox (15.85918pt too wide) in paragraph at lines 1356--1358
[][] 
 []


Overfull \hbox (87.1286pt too wide) in paragraph at lines 1358--1360
[][] 
 []


Overfull \hbox (22.33609pt too wide) in paragraph at lines 1360--1362
[][] 
 []


Overfull \hbox (72.00726pt too wide) in paragraph at lines 1362--1364
[][] 
 []


Overfull \hbox (21.12218pt too wide) in paragraph at lines 1364--1367
[][] 
 []


Overfull \hbox (63.47673pt too wide) in paragraph at lines 1367--1369
[][] 
 []


Overfull \hbox (15.85918pt too wide) in paragraph at lines 1369--1371
[][] 
 []


Overfull \hbox (87.1286pt too wide) in paragraph at lines 1371--1373
[][] 
 []


Overfull \hbox (22.33609pt too wide) in paragraph at lines 1373--1375
[][] 
 []


Overfull \hbox (72.4647pt too wide) in paragraph at lines 1375--1377
[][] 
 []


Overfull \hbox (21.12218pt too wide) in paragraph at lines 1377--1380
[][] 
 []


Overfull \hbox (63.47673pt too wide) in paragraph at lines 1380--1382
[][] 
 []


Overfull \hbox (15.85918pt too wide) in paragraph at lines 1382--1384
[][] 
 []


Overfull \hbox (87.1286pt too wide) in paragraph at lines 1384--1386
[][] 
 []


Overfull \hbox (22.33609pt too wide) in paragraph at lines 1386--1388
[][] 
 []


Overfull \hbox (72.00726pt too wide) in paragraph at lines 1388--1390
[][] 
 []


Overfull \hbox (21.12218pt too wide) in paragraph at lines 1390--1391
[][] 
 []


Overfull \hbox (23.88577pt too wide) in paragraph at lines 1396--1398
[][] 
 []


Overfull \hbox (14.6786pt too wide) in paragraph at lines 1398--1400
[][] 
 []


Overfull \hbox (38.66922pt too wide) in paragraph at lines 1400--1402
[][] 
 []


Overfull \hbox (74.10864pt too wide) in paragraph at lines 1402--1404
[][] 
 []


Overfull \hbox (21.12218pt too wide) in paragraph at lines 1404--1407
[][] 
 []


Overfull \hbox (23.89084pt too wide) in paragraph at lines 1407--1409
[][] 
 []


Overfull \hbox (15.85918pt too wide) in paragraph at lines 1409--1411
[][] 
 []


Overfull \hbox (87.1286pt too wide) in paragraph at lines 1411--1413
[][] 
 []


Overfull \hbox (72.4647pt too wide) in paragraph at lines 1413--1415
[][] 
 []


Overfull \hbox (21.12218pt too wide) in paragraph at lines 1415--1418
[][] 
 []


Overfull \hbox (23.89084pt too wide) in paragraph at lines 1418--1420
[][] 
 []


Overfull \hbox (15.85918pt too wide) in paragraph at lines 1420--1422
[][] 
 []


Overfull \hbox (87.1286pt too wide) in paragraph at lines 1422--1424
[][] 
 []

[5]
Overfull \hbox (22.33609pt too wide) in paragraph at lines 1424--1426
[][] 
 []


Overfull \hbox (72.00726pt too wide) in paragraph at lines 1426--1428
[][] 
 []


Overfull \hbox (21.12218pt too wide) in paragraph at lines 1428--1431
[][] 
 []


Overfull \hbox (63.47673pt too wide) in paragraph at lines 1431--1433
[][] 
 []


Overfull \hbox (15.85918pt too wide) in paragraph at lines 1433--1435
[][] 
 []


Overfull \hbox (87.1286pt too wide) in paragraph at lines 1435--1437
[][] 
 []


Overfull \hbox (22.33609pt too wide) in paragraph at lines 1437--1439
[][] 
 []


Overfull \hbox (72.4647pt too wide) in paragraph at lines 1439--1441
[][] 
 []


Overfull \hbox (21.12218pt too wide) in paragraph at lines 1441--1444
[][] 
 []


Overfull \hbox (63.47673pt too wide) in paragraph at lines 1444--1446
[][] 
 []


Overfull \hbox (15.85918pt too wide) in paragraph at lines 1446--1448
[][] 
 []


Overfull \hbox (87.1286pt too wide) in paragraph at lines 1448--1450
[][] 
 []


Overfull \hbox (22.33609pt too wide) in paragraph at lines 1450--1452
[][] 
 []


Overfull \hbox (72.00726pt too wide) in paragraph at lines 1452--1454
[][] 
 []


Overfull \hbox (21.12218pt too wide) in paragraph at lines 1454--1455
[][] 
 []


Overfull \hbox (23.88577pt too wide) in paragraph at lines 1460--1462
[][] 
 []


Overfull \hbox (14.6786pt too wide) in paragraph at lines 1462--1464
[][] 
 []


Overfull \hbox (38.66922pt too wide) in paragraph at lines 1464--1466
[][] 
 []


Overfull \hbox (74.10864pt too wide) in paragraph at lines 1466--1468
[][] 
 []


Overfull \hbox (21.12218pt too wide) in paragraph at lines 1468--1471
[][] 
 []


Overfull \hbox (23.89084pt too wide) in paragraph at lines 1471--1473
[][] 
 []


Overfull \hbox (15.85918pt too wide) in paragraph at lines 1473--1475
[][] 
 []


Overfull \hbox (87.1286pt too wide) in paragraph at lines 1475--1477
[][] 
 []


Overfull \hbox (72.4647pt too wide) in paragraph at lines 1477--1479
[][] 
 []


Overfull \hbox (21.12218pt too wide) in paragraph at lines 1479--1482
[][] 
 []


Overfull \hbox (23.89084pt too wide) in paragraph at lines 1482--1484
[][] 
 []


Overfull \hbox (15.85918pt too wide) in paragraph at lines 1484--1486
[][] 
 []


Overfull \hbox (87.1286pt too wide) in paragraph at lines 1486--1488
[][] 
 []


Overfull \hbox (22.33609pt too wide) in paragraph at lines 1488--1490
[][] 
 []


Overfull \hbox (72.00726pt too wide) in paragraph at lines 1490--1492
[][] 
 []


Overfull \hbox (21.12218pt too wide) in paragraph at lines 1492--1495
[][] 
 []


Overfull \hbox (63.47673pt too wide) in paragraph at lines 1495--1497
[][] 
 []


Overfull \hbox (15.85918pt too wide) in paragraph at lines 1497--1499
[][] 
 []


Overfull \hbox (87.1286pt too wide) in paragraph at lines 1499--1501
[][] 
 []


Overfull \hbox (22.33609pt too wide) in paragraph at lines 1501--1503
[][] 
 []


Overfull \hbox (72.4647pt too wide) in paragraph at lines 1503--1505
[][] 
 []


Overfull \hbox (21.12218pt too wide) in paragraph at lines 1505--1508
[][] 
 []


Overfull \hbox (63.47673pt too wide) in paragraph at lines 1508--1510
[][] 
 []


Overfull \hbox (15.85918pt too wide) in paragraph at lines 1510--1512
[][] 
 []


Overfull \hbox (87.1286pt too wide) in paragraph at lines 1512--1514
[][] 
 []


Overfull \hbox (22.33609pt too wide) in paragraph at lines 1514--1516
[][] 
 []


Overfull \hbox (72.00726pt too wide) in paragraph at lines 1516--1518
[][] 
 []

[6]
Overfull \hbox (21.12218pt too wide) in paragraph at lines 1518--1519
[][] 
 []


Overfull \hbox (31.94249pt too wide) in paragraph at lines 1524--1526
[][] 
 []


Overfull \hbox (16.1286pt too wide) in paragraph at lines 1526--1528
[][] 
 []


Overfull \hbox (40.11922pt too wide) in paragraph at lines 1528--1530
[][] 
 []


Overfull \hbox (88.8854pt too wide) in paragraph at lines 1530--1532
[][] 
 []


Overfull \hbox (72.70079pt too wide) in paragraph at lines 1532--1535
[][] 
 []


Overfull \hbox (25.34918pt too wide) in paragraph at lines 1535--1537
[][] 
 []


Overfull \hbox (17.30917pt too wide) in paragraph at lines 1537--1539
[][] 
 []


Overfull \hbox (88.5786pt too wide) in paragraph at lines 1539--1541
[][] 
 []


Overfull \hbox (73.9147pt too wide) in paragraph at lines 1541--1543
[][] 
 []


Overfull \hbox (72.70079pt too wide) in paragraph at lines 1543--1546
[][] 
 []


Overfull \hbox (25.34918pt too wide) in paragraph at lines 1546--1548
[][] 
 []


Overfull \hbox (17.30917pt too wide) in paragraph at lines 1548--1550
[][] 
 []


Overfull \hbox (88.5786pt too wide) in paragraph at lines 1550--1552
[][] 
 []


Overfull \hbox (23.78609pt too wide) in paragraph at lines 1552--1554
[][] 
 []


Overfull \hbox (73.45726pt too wide) in paragraph at lines 1554--1555
[][] 
 []


Overfull \hbox (64.93507pt too wide) in paragraph at lines 1558--1560
[][] 
 []


Overfull \hbox (17.30917pt too wide) in paragraph at lines 1560--1562
[][] 
 []


Overfull \hbox (88.5786pt too wide) in paragraph at lines 1562--1564
[][] 
 []


Overfull \hbox (23.78609pt too wide) in paragraph at lines 1564--1566
[][] 
 []


Overfull \hbox (73.9147pt too wide) in paragraph at lines 1566--1569
[][] 
 []


Overfull \hbox (64.93507pt too wide) in paragraph at lines 1569--1571
[][] 
 []


Overfull \hbox (17.30917pt too wide) in paragraph at lines 1571--1573
[][] 
 []


Overfull \hbox (88.5786pt too wide) in paragraph at lines 1573--1575
[][] 
 []


Overfull \hbox (23.78609pt too wide) in paragraph at lines 1575--1577
[][] 
 []


Overfull \hbox (73.45726pt too wide) in paragraph at lines 1577--1578
[][] 
 []


Overfull \hbox (6.17531pt too wide) in paragraph at lines 1583--1585
[][] 
 []


Overfull \hbox (69.41861pt too wide) in paragraph at lines 1587--1588
[][] 
 []


Overfull \hbox (6.17531pt too wide) in paragraph at lines 1593--1595
[][] 
 []


Overfull \hbox (69.41861pt too wide) in paragraph at lines 1597--1599
[][] 
 []


Overfull \hbox (4.6261pt too wide) in paragraph at lines 1599--1600
[][] 
 []


Overfull \hbox (45.7612pt too wide) in paragraph at lines 1605--1607
[][] 
 []


Overfull \hbox (69.41861pt too wide) in paragraph at lines 1609--1611
[][] 
 []

[7]
Overfull \hbox (81.49492pt too wide) in paragraph at lines 1611--1613
[][] 
 []


Overfull \hbox (81.03748pt too wide) in paragraph at lines 1613--1616
[][] 
 []


Overfull \hbox (152.12416pt too wide) in paragraph at lines 1616--1618
[][] 
 []


Overfull \hbox (45.7612pt too wide) in paragraph at lines 1621--1623
[][] 
 []


Overfull \hbox (69.41861pt too wide) in paragraph at lines 1625--1627
[][] 
 []


Overfull \hbox (81.49492pt too wide) in paragraph at lines 1627--1629
[][] 
 []


Overfull \hbox (81.03748pt too wide) in paragraph at lines 1629--1632
[][] 
 []


Overfull \hbox (152.12416pt too wide) in paragraph at lines 1632--1634
[][] 
 []


Overfull \hbox (13.6244pt too wide) in paragraph at lines 1634--1635
[][] 
 []


Overfull \hbox (45.7612pt too wide) in paragraph at lines 1640--1642
[][] 
 []


Overfull \hbox (69.41861pt too wide) in paragraph at lines 1644--1646
[][] 
 []


Overfull \hbox (4.6261pt too wide) in paragraph at lines 1646--1648
[][] 
 []


Overfull \hbox (42.52438pt too wide) in paragraph at lines 1652--1654
[][] 
 []


Overfull \hbox (66.16861pt too wide) in paragraph at lines 1656--1658
[][] 
 []


Overfull \hbox (1.3761pt too wide) in paragraph at lines 1658--1659
[][] 
 []


Overfull \hbox (45.7612pt too wide) in paragraph at lines 1664--1666
[][] 
 []


Overfull \hbox (69.41861pt too wide) in paragraph at lines 1668--1670
[][] 
 []


Overfull \hbox (4.6261pt too wide) in paragraph at lines 1670--1671
[][] 
 []


Overfull \hbox (45.7612pt too wide) in paragraph at lines 1676--1678
[][] 
 []


Overfull \hbox (69.41861pt too wide) in paragraph at lines 1680--1682
[][] 
 []


Overfull \hbox (4.6261pt too wide) in paragraph at lines 1682--1683
[][] 
 []


Overfull \hbox (7.91696pt too wide) in paragraph at lines 1688--1690
[][] 
 []


Overfull \hbox (70.8786pt too wide) in paragraph at lines 1692--1694
[][] 
 []


Overfull \hbox (82.95491pt too wide) in paragraph at lines 1694--1696
[][] 
 []


Overfull \hbox (82.49747pt too wide) in paragraph at lines 1696--1698
[][] 
 []


Overfull \hbox (70.29794pt too wide) in paragraph at lines 1698--1699
[][] 
 []

[8]
LaTeX Font Info:    External font `cmex10' loaded for size
(Font)              <8> on input line 1735.
LaTeX Font Info:    External font `cmex10' loaded for size
(Font)              <6> on input line 1735.
[9] (./Inv.aux)
 ***********
LaTeX2e <2023-11-01> patch level 1
L3 programming layer <2024-02-20>
 ***********
 ) 
Here is how much of TeX's memory you used:
 1391 strings out of 474116
 20878 string characters out of 5743682
 1951187 words of memory out of 5000000
 23783 multiletter control sequences out of 15000+600000
 563239 words of font info for 56 fonts, out of 8000000 for 9000
 1141 hyphenation exceptions out of 8191
 42i,10n,50p,217b,257s stack positions out of 10000i,1000n,20000p,200000b,200000s
</usr/local/texlive/2024/texmf-dist/fonts/type1/public/amsfonts/cm/cmcsc10.pf
b></usr/local/texlive/2024/texmf-dist/fonts/type1/public/amsfonts/cm/cmmi10.pfb
></usr/local/texlive/2024/texmf-dist/fonts/type1/public/amsfonts/cm/cmr10.pfb><
/usr/local/texlive/2024/texmf-dist/fonts/type1/public/amsfonts/cm/cmr5.pfb></us
r/local/texlive/2024/texmf-dist/fonts/type1/public/amsfonts/cm/cmr7.pfb></usr/l
ocal/texlive/2024/texmf-dist/fonts/type1/public/amsfonts/cm/cmr8.pfb></usr/loca
l/texlive/2024/texmf-dist/fonts/type1/public/amsfonts/cm/cmss10.pfb></usr/local
/texlive/2024/texmf-dist/fonts/type1/public/amsfonts/cm/cmsy10.pfb></usr/local/
texlive/2024/texmf-dist/fonts/type1/public/amsfonts/cm/cmsy8.pfb></usr/local/te
xlive/2024/texmf-dist/fonts/type1/public/amsfonts/cm/cmti10.pfb></usr/local/tex
live/2024/texmf-dist/fonts/type1/public/amsfonts/cm/cmti8.pfb>
Output written on Inv.pdf (9 pages, 131847 bytes).
PDF statistics:
 89 PDF objects out of 1000 (max. 8388607)
 55 compressed objects within 1 object stream
 0 named destinations out of 1000 (max. 500000)
 1 words of extra memory for PDF output out of 10000 (max. 10000000)

